0 info it worked if it ends with ok
1 verbose cli [ '/home/bag234/Thesis-workspace/AutoUsedAuc/src/main/resources/static/node/node',
1 verbose cli   '/home/bag234/Thesis-workspace/AutoUsedAuc/src/main/resources/static/node/node_modules/npm/bin/npm-cli.js',
1 verbose cli   'run',
1 verbose cli   'build' ]
2 info using npm@4.1.1
3 info using node@v6.9.4
4 verbose run-script [ 'prebuild', 'build', 'postbuild' ]
5 info lifecycle autousedaucrc@1.0.0~prebuild: autousedaucrc@1.0.0
6 silly lifecycle autousedaucrc@1.0.0~prebuild: no script for prebuild, continuing
7 info lifecycle autousedaucrc@1.0.0~build: autousedaucrc@1.0.0
8 verbose lifecycle autousedaucrc@1.0.0~build: unsafe-perm in lifecycle true
9 verbose lifecycle autousedaucrc@1.0.0~build: PATH: /home/bag234/Thesis-workspace/AutoUsedAuc/src/main/resources/static/node/node_modules/npm/bin/node-gyp-bin:/home/bag234/Thesis-workspace/AutoUsedAuc/src/main/resources/static/node_modules/.bin:/home/bag234/Thesis-workspace/AutoUsedAuc/src/main/resources/static/node:/usr/local/sbin:/usr/local/bin:/usr/sbin:/usr/bin:/sbin:/bin:/usr/games:/usr/local/games:/snap/bin:
10 verbose lifecycle autousedaucrc@1.0.0~build: CWD: /home/bag234/Thesis-workspace/AutoUsedAuc/src/main/resources/static
11 silly lifecycle autousedaucrc@1.0.0~build: Args: [ '-c', 'webpack --mode=development' ]
12 silly lifecycle autousedaucrc@1.0.0~build: Returned: code: 1  signal: null
13 info lifecycle autousedaucrc@1.0.0~build: Failed to exec build script
14 verbose stack Error: autousedaucrc@1.0.0 build: `webpack --mode=development`
14 verbose stack Exit status 1
14 verbose stack     at EventEmitter.<anonymous> (/home/bag234/Thesis-workspace/AutoUsedAuc/src/main/resources/static/node/node_modules/npm/lib/utils/lifecycle.js:279:16)
14 verbose stack     at emitTwo (events.js:106:13)
14 verbose stack     at EventEmitter.emit (events.js:191:7)
14 verbose stack     at ChildProcess.<anonymous> (/home/bag234/Thesis-workspace/AutoUsedAuc/src/main/resources/static/node/node_modules/npm/lib/utils/spawn.js:40:14)
14 verbose stack     at emitTwo (events.js:106:13)
14 verbose stack     at ChildProcess.emit (events.js:191:7)
14 verbose stack     at maybeClose (internal/child_process.js:877:16)
14 verbose stack     at Process.ChildProcess._handle.onexit (internal/child_process.js:226:5)
15 verbose pkgid autousedaucrc@1.0.0
16 verbose cwd /home/bag234/Thesis-workspace/AutoUsedAuc/src/main/resources/static
17 error Linux 5.8.0-50-generic
18 error argv "/home/bag234/Thesis-workspace/AutoUsedAuc/src/main/resources/static/node/node" "/home/bag234/Thesis-workspace/AutoUsedAuc/src/main/resources/static/node/node_modules/npm/bin/npm-cli.js" "run" "build"
19 error node v6.9.4
20 error npm  v4.1.1
21 error code ELIFECYCLE
22 error autousedaucrc@1.0.0 build: `webpack --mode=development`
22 error Exit status 1
23 error Failed at the autousedaucrc@1.0.0 build script 'webpack --mode=development'.
23 error Make sure you have the latest version of node.js and npm installed.
23 error If you do, this is most likely a problem with the autousedaucrc package,
23 error not with npm itself.
23 error Tell the author that this fails on your system:
23 error     webpack --mode=development
23 error You can get information on how to open an issue for this project with:
23 error     npm bugs autousedaucrc
23 error Or if that isn't available, you can get their info via:
23 error     npm owner ls autousedaucrc
23 error There is likely additional logging output above.
24 verbose exit [ 1, true ]
